INFO:root:Clueless movie url processed
INFO:root:The Perfect Match movie url processed
INFO:root:The Goonies movie url processed
WARNING:root:invalid movie
INFO:root:The Willies movie url processed
INFO:root:Only the Brave movie url processed
INFO:root:Bleed for This movie url processed
INFO:root:Frozen movie url processed
INFO:root:Hit and Run movie url processed
WARNING:root:invalid actor
INFO:root:A Place at the Table movie url processed
INFO:root:The Last Picture Show movie url processed
WARNING:root:invalid movie
INFO:root:War Drums movie url processed
WARNING:root:invalid actor
INFO:root:3 Geezers! movie url processed
WARNING:root:invalid movie
INFO:root:Frühstück im Doppelbett movie url processed
WARNING:root:invalid actor
INFO:root:Courage Under Fire movie url processed
INFO:root:Sicario: Day of the Soldado movie url processed
INFO:root:Some Girls movie url processed
WARNING:root:invalid movie
INFO:root:Payback movie url processed
INFO:root:Happy Feet movie url processed
WARNING:root:invalid movie
WARNING:root:invalid actor
INFO:root:Murder One movie url processed
WARNING:root:invalid movie
WARNING:root:invalid actor
INFO:root:Capricorn One movie url processed
WARNING:root:invalid movie
INFO:root:Over the Brooklyn Bridge movie url processed
WARNING:root:invalid movie
WARNING:root:invalid actor
INFO:root:Arthur? Arthur! movie url processed
WARNING:root:invalid movie
INFO:root:Once Upon a Time in Hollywood movie url processed
WARNING:root:invalid actor
INFO:root:Sugar Hill movie url processed
INFO:root:Hollywood Homicide movie url processed
INFO:root:You Again movie url processed
INFO:root:The Croods movie url processed
WARNING:root:invalid actor
INFO:root:Identity Thief movie url processed
WARNING:root:invalid movie
WARNING:root:invalid actor
INFO:root:The Aquabats! Super Show! movie url processed
WARNING:root:invalid movie
INFO:root:Sanitarium movie url processed
WARNING:root:invalid movie
INFO:root:Levitation movie url processed
INFO:root:Yoga Hosers movie url processed
INFO:root:Frost movie url processed
INFO:root:The Darkness movie url processed
INFO:root:Lucky Number Slevin movie url processed
WARNING:root:invalid actor
INFO:root:Super 8 movie url processed
WARNING:root:invalid movie
INFO:root:The Lifeguard movie url processed
INFO:root:Martian Child movie url processed
WARNING:root:invalid movie
INFO:root:The Inspector movie url processed
WARNING:root:invalid movie
INFO:root:Stoogemania movie url processed
WARNING:root:invalid actor
WARNING:root:invalid actor
INFO:root:American Hot Wax movie url processed
INFO:root:Black Hawk Down movie url processed
INFO:root:Suicide Squad movie url processed
INFO:root:Invictus movie url processed
INFO:root:The Bourne Identity movie url processed
WARNING:root:invalid movie
WARNING:root:invalid movie
INFO:root:Stranger in Our House movie url processed
INFO:root:Panic Room movie url processed
INFO:root:Fat Man and Little Boy movie url processed
WARNING:root:invalid movie
WARNING:root:invalid movie
INFO:root:Perry Mason television films movie url processed
WARNING:root:invalid movie
INFO:root:Atomised / The Elementary Particles movie url processed
WARNING:root:invalid actor
INFO:root:Phoenix movie url processed
INFO:root:Inkheart movie url processed
INFO:root:The Mummy movie url processed
WARNING:root:invalid movie
INFO:root:Foyle's War movie url processed
INFO:root:Moulin Rouge! movie url processed
WARNING:root:not a film
WARNING:root:invalid movie
INFO:root:Halifax f.p. movie url processed
WARNING:root:not a film
WARNING:root:not a film
INFO:root:The Hunchback of Notre Dame movie url processed
WARNING:root:invalid movie
INFO:root:The Emperor's Club movie url processed
WARNING:root:invalid actor
INFO:root:Soapdish movie url processed
INFO:root:Garbo Talks movie url processed
WARNING:root:not a film
WARNING:root:invalid movie
WARNING:root:invalid actor
WARNING:root:invalid actor
WARNING:root:invalid actor
INFO:root:101 Dalmatians II:Patch's London Adventure movie url processed
INFO:root:Volcano movie url processed
WARNING:root:invalid movie
WARNING:root:invalid actor
INFO:root:Berlin Express movie url processed
WARNING:root:invalid movie
INFO:root:Big Money Rustlas movie url processed
WARNING:root:invalid actor
WARNING:root:invalid actor
INFO:root:Trading Places movie url processed
WARNING:root:invalid movie
WARNING:root:invalid actor
INFO:root:The Last Producer movie url processed
INFO:root:Evolution movie url processed
INFO:root:Jagged Edge movie url processed
WARNING:root:invalid movie
INFO:root:A Fonder Heart movie url processed
INFO:root:The Road to El Dorado movie url processed
WARNING:root:invalid movie
WARNING:root:invalid actor
INFO:root:Go for Sisters movie url processed
WARNING:root:invalid movie
INFO:root:The Bleeding movie url processed
WARNING:root:invalid movie
WARNING:root:invalid actor
INFO:root:La Linea movie url processed
WARNING:root:invalid actor
INFO:root:Muppets Most Wanted movie url processed
WARNING:root:not a film
WARNING:root:not a film
WARNING:root:invalid actor
INFO:root:French Kiss movie url processed
INFO:root:The Road to El Dorado movie url processed
WARNING:root:invalid movie
WARNING:root:invalid actor
INFO:root:Go for Sisters movie url processed
WARNING:root:invalid movie
INFO:root:The Bleeding movie url processed
WARNING:root:invalid movie
WARNING:root:invalid actor
INFO:root:La Linea movie url processed
WARNING:root:invalid actor
INFO:root:Muppets Most Wanted movie url processed
WARNING:root:not a film
WARNING:root:not a film
WARNING:root:invalid actor
INFO:root:French Kiss movie url processed
INFO:root:The Road to El Dorado movie url processed
WARNING:root:invalid movie
WARNING:root:invalid movie
WARNING:root:invalid movie
WARNING:root:invalid movie
INFO:root:Judge Dredd movie url processed
WARNING:root:not a film
WARNING:root:invalid actor
WARNING:root:invalid actor
INFO:root:The Beverly Hillbillies movie url processed
INFO:root:The Road to El Dorado movie url processed
WARNING:root:invalid movie
WARNING:root:invalid movie
WARNING:root:invalid movie
WARNING:root:invalid movie
INFO:root:Judge Dredd movie url processed
WARNING:root:not a film
WARNING:root:invalid actor
WARNING:root:invalid actor
INFO:root:The Beverly Hillbillies movie url processed
WARNING:root:invalid movie
WARNING:root:invalid movie
WARNING:root:invalid actor
INFO:root:French Kiss movie url processed
WARNING:root:invalid movie
WARNING:root:invalid actor
INFO:root:Courage Under Fire movie url processed
WARNING:root:invalid movie
WARNING:root:invalid movie
WARNING:root:invalid movie
WARNING:root:invalid movie
WARNING:root:invalid movie
INFO:root:Renegades movie url processed
INFO:root:The Emperor's Club movie url processed
WARNING:root:not a film
WARNING:root:invalid actor
INFO:root:Soapdish movie url processed
WARNING:root:invalid movie
WARNING:root:invalid actor
INFO:root:Amazon Women on the Moon movie url processed
WARNING:root:invalid movie
WARNING:root:invalid movie
INFO:root:Get Crazy movie url processed
WARNING:root:invalid movie
INFO:root:Hollywood Homicide movie url processed
INFO:root:Volcano movie url processed
INFO:root:Hell's Kitchen movie url processed
WARNING:root:invalid movie
WARNING:root:invalid movie
INFO:root:The Visitors: Bastille Day movie url processed
WARNING:root:invalid movie
INFO:root:Lucky Number Slevin movie url processed
WARNING:root:invalid actor
INFO:root:Super 8 movie url processed
INFO:root:Breaking Away movie url processed
WARNING:root:invalid movie
WARNING:root:invalid movie
INFO:root:Last Night movie url processed
INFO:root:Black Hawk Down movie url processed
INFO:root:Coming Soon movie url processed
INFO:root:Double Jeopardy movie url processed
WARNING:root:not a film
WARNING:root:invalid movie
INFO:root:Little Man movie url processed
INFO:root:The Hunchback of Notre Dame movie url processed
INFO:root:Flushed Away movie url processed
WARNING:root:invalid actor
INFO:root:Underworld: Evolution movie url processed
WARNING:root:invalid movie
WARNING:root:invalid actor
INFO:root:Heat movie url processed
INFO:root:Geronimo: An American Legend movie url processed
INFO:root:The Joyriders movie url processed
INFO:root:Home for the Holidays movie url processed
WARNING:root:invalid movie
WARNING:root:invalid movie
WARNING:root:invalid movie
INFO:root:Imaginary Crimes movie url processed
WARNING:root:invalid actor
INFO:root:Feeling Minnesota movie url processed
WARNING:root:invalid movie
INFO:root:BloodRayne movie url processed
WARNING:root:invalid movie
WARNING:root:invalid movie
INFO:root:Blade movie url processed
INFO:root:Just Like Heaven movie url processed
INFO:root:Casino Royale movie url processed
WARNING:root:invalid actor
INFO:root:Full Metal Jacket movie url processed
WARNING:root:invalid movie
INFO:root:Alpha Dog movie url processed
INFO:root:Killer Joe movie url processed
INFO:root:5 to 7 movie url processed
INFO:root:Manderlay movie url processed
INFO:root:New Rose Hotel movie url processed
WARNING:root:invalid movie
WARNING:root:invalid movie
WARNING:root:invalid movie
INFO:root:Baby Bump(S) movie url processed
INFO:root:Alpha and Omega movie url processed
WARNING:root:invalid movie
INFO:root:Kuffs movie url processed
WARNING:root:invalid movie
WARNING:root:invalid movie
WARNING:root:invalid movie
WARNING:root:not a film
WARNING:root:invalid actor
INFO:root:Tinker Bell and the Lost Treasure movie url processed
WARNING:root:invalid movie
INFO:root:Pelle the Conqueror movie url processed
WARNING:root:not a film
WARNING:root:invalid movie
WARNING:root:invalid movie
INFO:root:French Women movie url processed
INFO:root:Frost movie url processed
WARNING:root:invalid actor
INFO:root:Agathe Cléry movie url processed
WARNING:root:invalid movie
INFO:root:Lovesong movie url processed
INFO:root:It's My Turn movie url processed
WARNING:root:invalid actor
INFO:root:New Best Friend movie url processed
WARNING:root:invalid movie
WARNING:root:invalid movie
WARNING:root:invalid actor
WARNING:root:invalid actor
INFO:root:4:44 Last Day on Earth movie url processed
WARNING:root:invalid actor
INFO:root:Snatch movie url processed
WARNING:root:invalid movie
WARNING:root:invalid actor
INFO:root:My Blue Heaven movie url processed
WARNING:root:not a film
INFO:root:Greedy movie url processed
INFO:root:Green Lantern: First Flight movie url processed
INFO:root:The Gong Show Movie movie url processed
INFO:root:Disco movie url processed
WARNING:root:invalid actor
INFO:root:The Cooler movie url processed
WARNING:root:invalid movie
INFO:root:Touch movie url processed
WARNING:root:not a film
WARNING:root:invalid movie
INFO:root:Money Train movie url processed
WARNING:root:invalid movie
WARNING:root:invalid movie
INFO:root:The Seventh Cross movie url processed
WARNING:root:invalid movie
WARNING:root:not a film
INFO:root:The New World movie url processed
INFO:root:Frida movie url processed
WARNING:root:invalid movie
INFO:root:Margaret movie url processed
INFO:root:Castle in the Sky movie url processed
WARNING:root:invalid movie
WARNING:root:invalid movie
INFO:root:Honey, I Shrunk the Kids movie url processed
WARNING:root:invalid actor
INFO:root:Choke movie url processed
WARNING:root:invalid movie
WARNING:root:invalid actor
INFO:root:Kung Fu Panda movie url processed
WARNING:root:invalid actor
INFO:root:Envy movie url processed
WARNING:root:invalid movie
INFO:root:The Scorpion King movie url processed
INFO:root:The Constant Gardener movie url processed
INFO:root:The End of the Affair movie url processed
WARNING:root:invalid movie
INFO:root:John Wick movie url processed
WARNING:root:invalid movie
INFO:root:The Road to El Dorado movie url processed
WARNING:root:invalid movie
WARNING:root:invalid movie
WARNING:root:invalid movie
WARNING:root:invalid movie
INFO:root:Judge Dredd movie url processed
WARNING:root:not a film
WARNING:root:invalid actor
WARNING:root:invalid actor
INFO:root:The Beverly Hillbillies movie url processed
INFO:root:The Road to El Dorado movie url processed
WARNING:root:invalid movie
WARNING:root:invalid movie
WARNING:root:invalid movie
WARNING:root:invalid movie
INFO:root:Judge Dredd movie url processed
WARNING:root:not a film
WARNING:root:invalid actor
WARNING:root:invalid actor
INFO:root:The Beverly Hillbillies movie url processed
WARNING:root:invalid movie
WARNING:root:invalid movie
WARNING:root:invalid actor
INFO:root:French Kiss movie url processed
WARNING:root:invalid movie
INFO:root:The Road to El Dorado movie url processed
WARNING:root:invalid movie
WARNING:root:invalid movie
WARNING:root:invalid movie
WARNING:root:invalid movie
INFO:root:Judge Dredd movie url processed
WARNING:root:not a film
WARNING:root:invalid actor
WARNING:root:invalid actor
INFO:root:The Beverly Hillbillies movie url processed
WARNING:root:invalid movie
WARNING:root:invalid movie
WARNING:root:invalid actor
INFO:root:French Kiss movie url processed
WARNING:root:invalid movie
WARNING:root:invalid actor
INFO:root:Courage Under Fire movie url processed
WARNING:root:invalid movie
WARNING:root:invalid movie
WARNING:root:invalid movie
WARNING:root:invalid movie
WARNING:root:invalid movie
INFO:root:The Road to El Dorado movie url processed
WARNING:root:invalid movie
WARNING:root:invalid movie
WARNING:root:invalid movie
WARNING:root:invalid movie
INFO:root:Judge Dredd movie url processed
WARNING:root:not a film
WARNING:root:invalid actor
WARNING:root:invalid actor
INFO:root:The Beverly Hillbillies movie url processed
WARNING:root:invalid movie
WARNING:root:invalid movie
WARNING:root:invalid actor
INFO:root:French Kiss movie url processed
WARNING:root:invalid movie
WARNING:root:invalid actor
INFO:root:Courage Under Fire movie url processed
WARNING:root:invalid movie
WARNING:root:invalid movie
WARNING:root:invalid movie
WARNING:root:invalid movie
WARNING:root:invalid movie
INFO:root:The Road to El Dorado movie url processed
WARNING:root:invalid movie
WARNING:root:invalid movie
WARNING:root:invalid movie
WARNING:root:invalid movie
INFO:root:Judge Dredd movie url processed
WARNING:root:not a film
WARNING:root:invalid actor
WARNING:root:invalid actor
INFO:root:The Beverly Hillbillies movie url processed
WARNING:root:invalid movie
WARNING:root:invalid movie
WARNING:root:invalid actor
INFO:root:French Kiss movie url processed
WARNING:root:invalid movie
WARNING:root:invalid actor
INFO:root:Courage Under Fire movie url processed
WARNING:root:invalid movie
WARNING:root:invalid movie
WARNING:root:invalid movie
WARNING:root:invalid movie
WARNING:root:invalid movie
INFO:root:Renegades movie url processed
INFO:root:The Emperor's Club movie url processed
WARNING:root:not a film
WARNING:root:invalid actor
INFO:root:Soapdish movie url processed
WARNING:root:invalid movie
INFO:root:Clueless movie url processed
INFO:root:The Perfect Match movie url processed
INFO:root:The Goonies movie url processed
WARNING:root:invalid movie
INFO:root:Only the Brave movie url processed
INFO:root:Bleed for This movie url processed
INFO:root:Frozen movie url processed
INFO:root:Hit and Run movie url processed
WARNING:root:invalid actor
INFO:root:A Place at the Table movie url processed
INFO:root:The Last Picture Show movie url processed
WARNING:root:invalid movie
WARNING:root:invalid actor
INFO:root:3 Geezers! movie url processed
DEBUG:root:page not found
WARNING:root:invalid actor
INFO:root:Courage Under Fire movie url processed
WARNING:root:invalid movie
INFO:root:Clueless movie url processed
INFO:root:The Perfect Match movie url processed
INFO:root:Clueless movie url processed
WARNING:root:invalid actor
WARNING:root:invalid actor
WARNING:root:invalid actor
INFO:root:Ratatouille movie url processed
WARNING:root:not a film
INFO:root:The Next Three Days movie url processed
INFO:root:The Hunger Games movie url processed
INFO:root:Colombiana movie url processed
INFO:root:Get Crazy movie url processed
WARNING:root:invalid movie
WARNING:root:invalid movie
WARNING:root:invalid movie
WARNING:root:invalid movie
WARNING:root:invalid actor
WARNING:root:invalid actor
WARNING:root:invalid actor
WARNING:root:invalid actor
WARNING:root:invalid actor
WARNING:root:invalid actor
INFO:root:Ratatouille movie url processed
WARNING:root:not a film
WARNING:root:invalid actor
WARNING:root:invalid actor
WARNING:root:invalid actor
INFO:root:Ratatouille movie url processed
WARNING:root:not a film
WARNING:root:invalid actor
WARNING:root:invalid actor
WARNING:root:invalid actor
INFO:root:Ratatouille movie url processed
WARNING:root:not a film
INFO:root:The Next Three Days movie url processed
INFO:root:The Hunger Games movie url processed
INFO:root:Colombiana movie url processed
INFO:root:Get Crazy movie url processed
WARNING:root:invalid movie
WARNING:root:invalid movie
WARNING:root:invalid movie
WARNING:root:invalid movie
WARNING:root:invalid actor
INFO:root:Bless the Child movie url processed
INFO:root:Old Gringo movie url processed
INFO:root:Casper movie url processed
WARNING:root:not a film
INFO:root:The Lego Movie movie url processed
INFO:root:Ernest &amp; Celestine movie url processed
INFO:root:La Boum 2 movie url processed
WARNING:root:not a film
WARNING:root:invalid movie
WARNING:root:not a film
WARNING:root:invalid movie
WARNING:root:invalid movie
WARNING:root:invalid actor
INFO:root:Cocoon movie url processed
WARNING:root:invalid movie
WARNING:root:invalid movie
INFO:root:The Mississippi Gambler movie url processed
WARNING:root:invalid movie
WARNING:root:invalid movie
INFO:root:Hollywood Homicide movie url processed
INFO:root:Volcano movie url processed
WARNING:root:invalid movie
INFO:root:The 40-Year-Old Virgin movie url processed
INFO:root:The Croods movie url processed
INFO:root:Split Image movie url processed
INFO:root:Manhattan movie url processed
INFO:root:Lucky Number Slevin movie url processed
INFO:root:Breaking Away movie url processed
WARNING:root:invalid movie
INFO:root:Black Hawk Down movie url processed
INFO:root:Let's Go to Prison movie url processed
INFO:root:Hit and Run movie url processed
INFO:root:You Again movie url processed
WARNING:root:invalid movie
WARNING:root:invalid movie
INFO:root:Coming Soon movie url processed
INFO:root:Double Jeopardy movie url processed
WARNING:root:not a film
WARNING:root:invalid actor
WARNING:root:invalid actor
WARNING:root:invalid actor
INFO:root:Ratatouille movie url processed
WARNING:root:not a film
INFO:root:The Next Three Days movie url processed
INFO:root:The Hunger Games movie url processed
INFO:root:Colombiana movie url processed
INFO:root:Get Crazy movie url processed
WARNING:root:invalid movie
WARNING:root:invalid movie
WARNING:root:invalid movie
WARNING:root:invalid movie
WARNING:root:invalid actor
INFO:root:Bless the Child movie url processed
INFO:root:Old Gringo movie url processed
INFO:root:Casper movie url processed
WARNING:root:not a film
INFO:root:The Lego Movie movie url processed
INFO:root:Ernest &amp; Celestine movie url processed
INFO:root:La Boum 2 movie url processed
WARNING:root:not a film
WARNING:root:invalid movie
WARNING:root:not a film
WARNING:root:invalid movie
WARNING:root:invalid movie
WARNING:root:invalid actor
INFO:root:Cocoon movie url processed
WARNING:root:invalid movie
WARNING:root:invalid movie
INFO:root:The Mississippi Gambler movie url processed
WARNING:root:invalid movie
WARNING:root:invalid movie
INFO:root:Hollywood Homicide movie url processed
INFO:root:Volcano movie url processed
WARNING:root:invalid movie
INFO:root:The 40-Year-Old Virgin movie url processed
WARNING:root:invalid actor
WARNING:root:invalid actor
WARNING:root:invalid actor
WARNING:root:invalid actor
WARNING:root:invalid actor
WARNING:root:invalid actor
WARNING:root:invalid actor
WARNING:root:invalid actor
WARNING:root:invalid actor
WARNING:root:invalid actor
WARNING:root:invalid actor
WARNING:root:invalid actor
INFO:root:Clueless movie url processed
WARNING:root:invalid actor
WARNING:root:invalid actor
WARNING:root:invalid actor
WARNING:root:invalid actor
WARNING:root:invalid actor
WARNING:root:invalid actor
WARNING:root:invalid actor
INFO:root:Clueless movie url processed
INFO:root:Clueless movie url processed
INFO:root:The Perfect Match movie url processed
INFO:root:The Goonies movie url processed
INFO:root:Clueless movie url processed
INFO:root:The Perfect Match movie url processed
INFO:root:The Goonies movie url processed
WARNING:root:invalid movie
INFO:root:Only the Brave movie url processed
INFO:root:Clueless movie url processed
INFO:root:The Perfect Match movie url processed
INFO:root:The Goonies movie url processed
WARNING:root:invalid movie
INFO:root:Only the Brave movie url processed
INFO:root:Bleed for This movie url processed
WARNING:root:invalid actor
WARNING:root:invalid actor
WARNING:root:invalid actor
INFO:root:Ratatouille movie url processed
WARNING:root:not a film
INFO:root:The Next Three Days movie url processed
INFO:root:The Hunger Games movie url processed
INFO:root:Colombiana movie url processed
INFO:root:Get Crazy movie url processed
WARNING:root:invalid actor
WARNING:root:invalid actor
WARNING:root:invalid actor
INFO:root:Ratatouille movie url processed
WARNING:root:not a film
INFO:root:The Next Three Days movie url processed
INFO:root:The Hunger Games movie url processed
INFO:root:Colombiana movie url processed
INFO:root:Get Crazy movie url processed
WARNING:root:invalid actor
WARNING:root:invalid actor
WARNING:root:invalid actor
INFO:root:Ratatouille movie url processed
WARNING:root:not a film
INFO:root:The Next Three Days movie url processed
INFO:root:The Hunger Games movie url processed
INFO:root:Colombiana movie url processed
INFO:root:Get Crazy movie url processed
WARNING:root:invalid actor
WARNING:root:invalid actor
WARNING:root:invalid actor
INFO:root:Ratatouille movie url processed
WARNING:root:not a film
INFO:root:The Next Three Days movie url processed
INFO:root:The Hunger Games movie url processed
INFO:root:Colombiana movie url processed
INFO:root:Get Crazy movie url processed
WARNING:root:invalid actor
WARNING:root:invalid actor
WARNING:root:invalid actor
INFO:root:Ratatouille movie url processed
WARNING:root:not a film
INFO:root:The Next Three Days movie url processed
INFO:root:The Hunger Games movie url processed
INFO:root:Colombiana movie url processed
INFO:root:Get Crazy movie url processed
WARNING:root:invalid actor
WARNING:root:invalid actor
WARNING:root:invalid actor
INFO:root:Ratatouille movie url processed
WARNING:root:not a film
INFO:root:The Next Three Days movie url processed
